This is pdfTeX, Version 3.141592653-2.6-1.40.25 (TeX Live 2023/Arch Linux) (preloaded format=pdflatex 2023.4.4)  13 MAY 2023 14:44
entering extended mode
 restricted \write18 enabled.
 file:line:error style messages enabled.
 %&-line parsing enabled.
**"/home/woutd/Documents/School/Industriele Ingenieurswetenschappen/Thesis/Workspace/Thesis/thesis.tex"
(/home/woutd/Documents/School/Industriele Ingenieurswetenschappen/Thesis/Workspace/Thesis/thesis.tex
LaTeX2e <2022-11-01> patch level 1
L3 programming layer <2023-02-22> (/usr/share/texmf-dist/tex/latex/base/report.cls
Document Class: report 2022/07/02 v1.4n Standard LaTeX document class
(/usr/share/texmf-dist/tex/latex/base/size11.clo
File: size11.clo 2022/07/02 v1.4n Standard LaTeX file (size option)
)
\c@part=\count185
\c@chapter=\count186
\c@section=\count187
\c@subsection=\count188
\c@subsubsection=\count189
\c@paragraph=\count190
\c@subparagraph=\count191
\c@figure=\count192
\c@table=\count193
\abovecaptionskip=\skip48
\belowcaptionskip=\skip49
\bibindent=\dimen140
) (/usr/share/texmf-dist/tex/latex/geometry/geometry.sty
Package: geometry 2020/01/02 v5.9 Page Geometry
 (/usr/share/texmf-dist/tex/latex/graphics/keyval.sty
Package: keyval 2022/05/29 v1.15 key=value parser (DPC)
\KV@toks@=\toks16
) (/usr/share/texmf-dist/tex/generic/iftex/ifvtex.sty
Package: ifvtex 2019/10/25 v1.7 ifvtex legacy package. Use iftex instead.
 (/usr/share/texmf-dist/tex/generic/iftex/iftex.sty
Package: iftex 2022/02/03 v1.0f TeX engine tests
))
\Gm@cnth=\count194
\Gm@cntv=\count195
\c@Gm@tempcnt=\count196
\Gm@bindingoffset=\dimen141
\Gm@wd@mp=\dimen142
\Gm@odd@mp=\dimen143
\Gm@even@mp=\dimen144
\Gm@layoutwidth=\dimen145
\Gm@layoutheight=\dimen146
\Gm@layouthoffset=\dimen147
\Gm@layoutvoffset=\dimen148
\Gm@dimlist=\toks17
) (/usr/share/texmf-dist/tex/latex/amsmath/amsmath.sty
Package: amsmath 2022/04/08 v2.17n AMS math features
\@mathmargin=\skip50

For additional information on amsmath, use the `?' option.
(/usr/share/texmf-dist/tex/latex/amsmath/amstext.sty
Package: amstext 2021/08/26 v2.01 AMS text
 (/usr/share/texmf-dist/tex/latex/amsmath/amsgen.sty
File: amsgen.sty 1999/11/30 v2.0 generic functions
\@emptytoks=\toks18
\ex@=\dimen149
)) (/usr/share/texmf-dist/tex/latex/amsmath/amsbsy.sty
Package: amsbsy 1999/11/29 v1.2d Bold Symbols
\pmbraise@=\dimen150
) (/usr/share/texmf-dist/tex/latex/amsmath/amsopn.sty
Package: amsopn 2022/04/08 v2.04 operator names
)
\inf@bad=\count197
LaTeX Info: Redefining \frac on input line 234.
\uproot@=\count198
\leftroot@=\count199
LaTeX Info: Redefining \overline on input line 399.
LaTeX Info: Redefining \colon on input line 410.
\classnum@=\count266
\DOTSCASE@=\count267
LaTeX Info: Redefining \ldots on input line 496.
LaTeX Info: Redefining \dots on input line 499.
LaTeX Info: Redefining \cdots on input line 620.
\Mathstrutbox@=\box51
\strutbox@=\box52
LaTeX Info: Redefining \big on input line 722.
LaTeX Info: Redefining \Big on input line 723.
LaTeX Info: Redefining \bigg on input line 724.
LaTeX Info: Redefining \Bigg on input line 725.
\big@size=\dimen151
LaTeX Font Info:    Redeclaring font encoding OML on input line 743.
LaTeX Font Info:    Redeclaring font encoding OMS on input line 744.
\macc@depth=\count268
LaTeX Info: Redefining \bmod on input line 905.
LaTeX Info: Redefining \pmod on input line 910.
LaTeX Info: Redefining \smash on input line 940.
LaTeX Info: Redefining \relbar on input line 970.
LaTeX Info: Redefining \Relbar on input line 971.
\c@MaxMatrixCols=\count269
\dotsspace@=\muskip16
\c@parentequation=\count270
\dspbrk@lvl=\count271
\tag@help=\toks19
\row@=\count272
\column@=\count273
\maxfields@=\count274
\andhelp@=\toks20
\eqnshift@=\dimen152
\alignsep@=\dimen153
\tagshift@=\dimen154
\tagwidth@=\dimen155
\totwidth@=\dimen156
\lineht@=\dimen157
\@envbody=\toks21
\multlinegap=\skip51
\multlinetaggap=\skip52
\mathdisplay@stack=\toks22
LaTeX Info: Redefining \[ on input line 2953.
LaTeX Info: Redefining \] on input line 2954.
) (/usr/share/texmf-dist/tex/latex/booktabs/booktabs.sty
Package: booktabs 2020/01/12 v1.61803398 Publication quality tables
\heavyrulewidth=\dimen158
\lightrulewidth=\dimen159
\cmidrulewidth=\dimen160
\belowrulesep=\dimen161
\belowbottomsep=\dimen162
\aboverulesep=\dimen163
\abovetopsep=\dimen164
\cmidrulesep=\dimen165
\cmidrulekern=\dimen166
\defaultaddspace=\dimen167
\@cmidla=\count275
\@cmidlb=\count276
\@aboverulesep=\dimen168
\@belowrulesep=\dimen169
\@thisruleclass=\count277
\@lastruleclass=\count278
\@thisrulewidth=\dimen170
) (/usr/share/texmf-dist/tex/generic/babel/babel.sty
Package: babel 2023/02/13 3.86 The Babel package
\babel@savecnt=\count279
\U@D=\dimen171
\l@unhyphenated=\language87
 (/usr/share/texmf-dist/tex/generic/babel/txtbabel.def)
\bbl@readstream=\read2
\bbl@dirlevel=\count280
 (/usr/share/texmf-dist/tex/generic/babel-dutch/dutch.ldf
Language: dutch 2021/08/29 v3.8l Dutch support from the babel system
Package babel Info: Making " an active character on input line 127.
)) (/usr/share/texmf-dist/tex/generic/babel/locale/nl/babel-dutch.tex
Package babel Info: Importing font and identification data for dutch
(babel)             from babel-nl.ini. Reported on input line 11.
) (/usr/share/texmf-dist/tex/latex/graphics/graphicx.sty
Package: graphicx 2021/09/16 v1.2d Enhanced LaTeX Graphics (DPC,SPQR)
 (/usr/share/texmf-dist/tex/latex/graphics/graphics.sty
Package: graphics 2022/03/10 v1.4e Standard LaTeX Graphics (DPC,SPQR)
 (/usr/share/texmf-dist/tex/latex/graphics/trig.sty
Package: trig 2021/08/11 v1.11 sin cos tan (DPC)
) (/usr/share/texmf-dist/tex/latex/graphics-cfg/graphics.cfg
File: graphics.cfg 2016/06/04 v1.11 sample graphics configuration
)
Package graphics Info: Driver file: pdftex.def on input line 107.
 (/usr/share/texmf-dist/tex/latex/graphics-def/pdftex.def
File: pdftex.def 2022/09/22 v1.2b Graphics/color driver for pdftex
))
\Gin@req@height=\dimen172
\Gin@req@width=\dimen173
) (/usr/share/texmf-dist/tex/latex/base/inputenc.sty
Package: inputenc 2021/02/14 v1.3d Input encoding file
\inpenc@prehook=\toks23
\inpenc@posthook=\toks24
) (/usr/share/texmf-dist/tex/latex/natbib/natbib.sty
Package: natbib 2010/09/13 8.31b (PWD, AO)
\bibhang=\skip53
\bibsep=\skip54
LaTeX Info: Redefining \cite on input line 694.
\c@NAT@ctr=\count281
) (/usr/share/texmf-dist/tex/latex/listings/listings.sty
\lst@mode=\count282
\lst@gtempboxa=\box53
\lst@token=\toks25
\lst@length=\count283
\lst@currlwidth=\dimen174
\lst@column=\count284
\lst@pos=\count285
\lst@lostspace=\dimen175
\lst@width=\dimen176
\lst@newlines=\count286
\lst@lineno=\count287
\lst@maxwidth=\dimen177
 (/usr/share/texmf-dist/tex/latex/listings/lstmisc.sty
File: lstmisc.sty 2023/02/27 1.9 (Carsten Heinz)
\c@lstnumber=\count288
\lst@skipnumbers=\count289
\lst@framebox=\box54
) (/usr/share/texmf-dist/tex/latex/listings/listings.cfg
File: listings.cfg 2023/02/27 1.9 listings configuration
))
Package: listings 2023/02/27 1.9 (Carsten Heinz)
 (/usr/share/texmf-dist/tex/latex/tools/verbatim.sty
Package: verbatim 2022-07-02 v1.5u LaTeX2e package for verbatim enhancements
\every@verbatim=\toks26
\verbatim@line=\toks27
\verbatim@in@stream=\read3
) (/usr/share/texmf-dist/tex/latex/hyperref/hyperref.sty
Package: hyperref 2023-02-07 v7.00v Hypertext links for LaTeX
 (/usr/share/texmf-dist/tex/generic/ltxcmds/ltxcmds.sty
Package: ltxcmds 2020-05-10 v1.25 LaTeX kernel commands for general use (HO)
) (/usr/share/texmf-dist/tex/generic/pdftexcmds/pdftexcmds.sty
Package: pdftexcmds 2020-06-27 v0.33 Utility functions of pdfTeX for LuaTeX (HO)
 (/usr/share/texmf-dist/tex/generic/infwarerr/infwarerr.sty
Package: infwarerr 2019/12/03 v1.5 Providing info/warning/error messages (HO)
)
Package pdftexcmds Info: \pdf@primitive is available.
Package pdftexcmds Info: \pdf@ifprimitive is available.
Package pdftexcmds Info: \pdfdraftmode found.
) (/usr/share/texmf-dist/tex/latex/kvsetkeys/kvsetkeys.sty
Package: kvsetkeys 2022-10-05 v1.19 Key value parser (HO)
) (/usr/share/texmf-dist/tex/generic/kvdefinekeys/kvdefinekeys.sty
Package: kvdefinekeys 2019-12-19 v1.6 Define keys (HO)
) (/usr/share/texmf-dist/tex/generic/pdfescape/pdfescape.sty
Package: pdfescape 2019/12/09 v1.15 Implements pdfTeX's escape features (HO)
) (/usr/share/texmf-dist/tex/latex/hycolor/hycolor.sty
Package: hycolor 2020-01-27 v1.10 Color options for hyperref/bookmark (HO)
) (/usr/share/texmf-dist/tex/latex/letltxmacro/letltxmacro.sty
Package: letltxmacro 2019/12/03 v1.6 Let assignment for LaTeX macros (HO)
) (/usr/share/texmf-dist/tex/latex/auxhook/auxhook.sty
Package: auxhook 2019-12-17 v1.6 Hooks for auxiliary files (HO)
) (/usr/share/texmf-dist/tex/latex/hyperref/nameref.sty
Package: nameref 2022-05-17 v2.50 Cross-referencing by name of section
 (/usr/share/texmf-dist/tex/latex/refcount/refcount.sty
Package: refcount 2019/12/15 v3.6 Data extraction from label references (HO)
) (/usr/share/texmf-dist/tex/generic/gettitlestring/gettitlestring.sty
Package: gettitlestring 2019/12/15 v1.6 Cleanup title references (HO)
 (/usr/share/texmf-dist/tex/latex/kvoptions/kvoptions.sty
Package: kvoptions 2022-06-15 v3.15 Key value format for package options (HO)
))
\c@section@level=\count290
)
\@linkdim=\dimen178
\Hy@linkcounter=\count291
\Hy@pagecounter=\count292
 (/usr/share/texmf-dist/tex/latex/hyperref/pd1enc.def
File: pd1enc.def 2023-02-07 v7.00v Hyperref: PDFDocEncoding definition (HO)
Now handling font encoding PD1 ...
... no UTF-8 mapping file for font encoding PD1
) (/usr/share/texmf-dist/tex/generic/intcalc/intcalc.sty
Package: intcalc 2019/12/15 v1.3 Expandable calculations with integers (HO)
) (/usr/share/texmf-dist/tex/generic/etexcmds/etexcmds.sty
Package: etexcmds 2019/12/15 v1.7 Avoid name clashes with e-TeX commands (HO)
)
\Hy@SavedSpaceFactor=\count293
 (/usr/share/texmf-dist/tex/latex/hyperref/puenc.def
File: puenc.def 2023-02-07 v7.00v Hyperref: PDF Unicode definition (HO)
Now handling font encoding PU ...
... no UTF-8 mapping file for font encoding PU
)
Package hyperref Info: Hyper figures OFF on input line 4177.
Package hyperref Info: Link nesting OFF on input line 4182.
Package hyperref Info: Hyper index ON on input line 4185.
Package hyperref Info: Plain pages OFF on input line 4192.
Package hyperref Info: Backreferencing OFF on input line 4197.
Package hyperref Info: Implicit mode ON; LaTeX internals redefined.
Package hyperref Info: Bookmarks ON on input line 4425.
\c@Hy@tempcnt=\count294
 (/usr/share/texmf-dist/tex/latex/url/url.sty
\Urlmuskip=\muskip17
Package: url 2013/09/16  ver 3.4  Verb mode for urls, etc.
)
LaTeX Info: Redefining \url on input line 4763.
\XeTeXLinkMargin=\dimen179
 (/usr/share/texmf-dist/tex/generic/bitset/bitset.sty
Package: bitset 2019/12/09 v1.3 Handle bit-vector datatype (HO)
 (/usr/share/texmf-dist/tex/generic/bigintcalc/bigintcalc.sty
Package: bigintcalc 2019/12/15 v1.5 Expandable calculations on big integers (HO)
))
\Fld@menulength=\count295
\Field@Width=\dimen180
\Fld@charsize=\dimen181
Package hyperref Info: Hyper figures OFF on input line 6042.
Package hyperref Info: Link nesting OFF on input line 6047.
Package hyperref Info: Hyper index ON on input line 6050.
Package hyperref Info: backreferencing OFF on input line 6057.
Package hyperref Info: Link coloring OFF on input line 6062.
Package hyperref Info: Link coloring with OCG OFF on input line 6067.
Package hyperref Info: PDF/A mode OFF on input line 6072.
 (/usr/share/texmf-dist/tex/latex/base/atbegshi-ltx.sty
Package: atbegshi-ltx 2021/01/10 v1.0c Emulation of the original atbegshi
package with kernel methods
)
\Hy@abspage=\count296
\c@Item=\count297
\c@Hfootnote=\count298
)
Package hyperref Info: Driver (autodetected): hpdftex.
 (/usr/share/texmf-dist/tex/latex/hyperref/hpdftex.def
File: hpdftex.def 2023-02-07 v7.00v Hyperref driver for pdfTeX
 (/usr/share/texmf-dist/tex/latex/base/atveryend-ltx.sty
Package: atveryend-ltx 2020/08/19 v1.0a Emulation of the original atveryend package
with kernel methods
)
\Fld@listcount=\count299
\c@bookmark@seq@number=\count300
 (/usr/share/texmf-dist/tex/latex/rerunfilecheck/rerunfilecheck.sty
Package: rerunfilecheck 2022-07-10 v1.10 Rerun checks for auxiliary files (HO)
 (/usr/share/texmf-dist/tex/generic/uniquecounter/uniquecounter.sty
Package: uniquecounter 2019/12/15 v1.4 Provide unlimited unique counter (HO)
)
Package uniquecounter Info: New unique counter `rerunfilecheck' on input line 285.
)
\Hy@SectionHShift=\skip55
) (/usr/share/texmf-dist/tex/latex/caption/caption.sty
Package: caption 2023/03/12 v3.6j Customizing captions (AR)
 (/usr/share/texmf-dist/tex/latex/caption/caption3.sty
Package: caption3 2023/03/12 v2.4 caption3 kernel (AR)
\caption@tempdima=\dimen182
\captionmargin=\dimen183
\caption@leftmargin=\dimen184
\caption@rightmargin=\dimen185
\caption@width=\dimen186
\caption@indent=\dimen187
\caption@parindent=\dimen188
\caption@hangindent=\dimen189
Package caption Info: Standard document class detected.
)
\c@caption@flags=\count301
\c@continuedfloat=\count302
Package caption Info: hyperref package is loaded.
Package caption Info: listings package is loaded.
) (/usr/share/texmf-dist/tex/latex/pdfpages/pdfpages.sty
Package: pdfpages 2022/12/19 v0.5x Insert pages of external PDF documents (AM)
 (/usr/share/texmf-dist/tex/latex/base/ifthen.sty
Package: ifthen 2022/04/13 v1.1d Standard LaTeX ifthen package (DPC)
) (/usr/share/texmf-dist/tex/latex/tools/calc.sty
Package: calc 2017/05/25 v4.3 Infix arithmetic (KKT,FJ)
\calc@Acount=\count303
\calc@Bcount=\count304
\calc@Adimen=\dimen190
\calc@Bdimen=\dimen191
\calc@Askip=\skip56
\calc@Bskip=\skip57
LaTeX Info: Redefining \setlength on input line 80.
LaTeX Info: Redefining \addtolength on input line 81.
\calc@Ccount=\count305
\calc@Cskip=\skip58
) (/usr/share/texmf-dist/tex/latex/eso-pic/eso-pic.sty
Package: eso-pic 2020/10/14 v3.0a eso-pic (RN)
\ESO@tempdima=\dimen192
\ESO@tempdimb=\dimen193
 (/usr/share/texmf-dist/tex/latex/xcolor/xcolor.sty
Package: xcolor 2022/06/12 v2.14 LaTeX color extensions (UK)
 (/usr/share/texmf-dist/tex/latex/graphics-cfg/color.cfg
File: color.cfg 2016/01/02 v1.6 sample color configuration
)
Package xcolor Info: Driver file: pdftex.def on input line 227.
 (/usr/share/texmf-dist/tex/latex/graphics/mathcolor.ltx)
Package xcolor Info: Model `cmy' substituted by `cmy0' on input line 1353.
Package xcolor Info: Model `hsb' substituted by `rgb' on input line 1357.
Package xcolor Info: Model `RGB' extended on input line 1369.
Package xcolor Info: Model `HTML' substituted by `rgb' on input line 1371.
Package xcolor Info: Model `Hsb' substituted by `hsb' on input line 1372.
Package xcolor Info: Model `tHsb' substituted by `hsb' on input line 1373.
Package xcolor Info: Model `HSB' substituted by `hsb' on input line 1374.
Package xcolor Info: Model `Gray' substituted by `gray' on input line 1375.
Package xcolor Info: Model `wave' substituted by `hsb' on input line 1376.
))
\AM@pagewidth=\dimen194
\AM@pageheight=\dimen195
\AM@fboxrule=\dimen196
 (/usr/share/texmf-dist/tex/latex/pdfpages/pppdftex.def
File: pppdftex.def 2022/12/19 v0.5x Pdfpages driver for pdfTeX (AM)
)
\pdfpages@includegraphics@status=\count306
\AM@pagebox=\box55
\AM@global@opts=\toks28
\AM@pagecnt=\count307
\AM@toc@title=\toks29
\AM@lof@heading=\toks30
\c@AM@survey=\count308
\AM@templatesizebox=\box56
) (/usr/share/texmf-dist/tex/latex/pslatex/pslatex.sty
Package: pslatex 2021/01/13 v1.3 pslatex emulation (DPC)
LaTeX Font Info:    Redeclaring symbol font `operators' on input line 66.
LaTeX Font Info:    Overwriting symbol font `operators' in version `normal'
(Font)                  OT1/cmr/m/n --> OT1/ptmcm/m/n on input line 66.
LaTeX Font Info:    Overwriting symbol font `operators' in version `bold'
(Font)                  OT1/cmr/bx/n --> OT1/ptmcm/m/n on input line 66.
LaTeX Font Info:    Redeclaring symbol font `letters' on input line 67.
LaTeX Font Info:    Overwriting symbol font `letters' in version `normal'
(Font)                  OML/cmm/m/it --> OML/ptmcm/m/it on input line 67.
LaTeX Font Info:    Overwriting symbol font `letters' in version `bold'
(Font)                  OML/cmm/b/it --> OML/ptmcm/m/it on input line 67.
LaTeX Font Info:    Redeclaring symbol font `symbols' on input line 68.
LaTeX Font Info:    Overwriting symbol font `symbols' in version `normal'
(Font)                  OMS/cmsy/m/n --> OMS/pzccm/m/n on input line 68.
LaTeX Font Info:    Overwriting symbol font `symbols' in version `bold'
(Font)                  OMS/cmsy/b/n --> OMS/pzccm/m/n on input line 68.
LaTeX Font Info:    Redeclaring symbol font `largesymbols' on input line 69.
LaTeX Font Info:    Overwriting symbol font `largesymbols' in version `normal'
(Font)                  OMX/cmex/m/n --> OMX/psycm/m/n on input line 69.
LaTeX Font Info:    Overwriting symbol font `largesymbols' in version `bold'
(Font)                  OMX/cmex/m/n --> OMX/psycm/m/n on input line 69.
\symbold=\mathgroup4
\symitalic=\mathgroup5
LaTeX Font Info:    Redeclaring math alphabet \mathbf on input line 75.
LaTeX Font Info:    Overwriting math alphabet `\mathbf' in version `normal'
(Font)                  OT1/cmr/bx/n --> OT1/ptm/bx/n on input line 75.
LaTeX Font Info:    Overwriting math alphabet `\mathbf' in version `bold'
(Font)                  OT1/cmr/bx/n --> OT1/ptm/bx/n on input line 75.
LaTeX Font Info:    Redeclaring math alphabet \mathit on input line 76.
LaTeX Font Info:    Overwriting math alphabet `\mathit' in version `normal'
(Font)                  OT1/cmr/m/it --> OT1/ptm/m/it on input line 76.
LaTeX Font Info:    Overwriting math alphabet `\mathit' in version `bold'
(Font)                  OT1/cmr/bx/it --> OT1/ptm/m/it on input line 76.
) (/usr/share/texmf-dist/tex/latex/lipsum/lipsum.sty (/usr/share/texmf-dist/tex/latex/l3packages/l3keys2e/l3keys2e.sty (/usr/share/texmf-dist/tex/latex/l3kernel/expl3.sty
Package: expl3 2023-02-22 L3 programming layer (loader) 
 (/usr/share/texmf-dist/tex/latex/l3backend/l3backend-pdftex.def
File: l3backend-pdftex.def 2023-01-16 L3 backend support: PDF output (pdfTeX)
\l__color_backend_stack_int=\count309
\l__pdf_internal_box=\box57
))
Package: l3keys2e 2023-02-02 LaTeX2e option processing using LaTeX3 keys
)
Package: lipsum 2021-09-20 v2.7 150 paragraphs of Lorem Ipsum dummy text
\g__lipsum_par_int=\count310
\l__lipsum_a_int=\count311
\l__lipsum_b_int=\count312
 (/usr/share/texmf-dist/tex/latex/lipsum/lipsum.ltd.tex)) (/usr/share/texmf-dist/tex/latex/sectsty/sectsty.sty
Package: sectsty 2002/02/25 v2.0.2 Commands to change all sectional heading styles


LaTeX Warning: Command \underbar  has changed.
               Check if current package is valid.


LaTeX Warning: Command \underline  has changed.
               Check if current package is valid.

) (/usr/share/texmf-dist/tex/latex/caption/subcaption.sty
Package: subcaption 2023/02/19 v1.6 Sub-captions (AR)
Package caption Info: New subtype `subfigure' on input line 239.
\c@subfigure=\count313
Package caption Info: New subtype `subtable' on input line 239.
\c@subtable=\count314
) (/usr/share/texmf-dist/tex/latex/realboxes/realboxes.sty
Package: realboxes 2011/08/08 v0.2 Change box commands to read there content as real boxes
 (/usr/share/texmf-dist/tex/latex/collectbox/collectbox.sty
Package: collectbox 2022/10/17 v0.4c Collect macro arguments as boxes
\collectedbox=\box58
) (/usr/share/texmf-dist/tex/latex/adjustbox/adjcalc.sty
Package: adjcalc 2012/05/16 v1.1 Provides advanced setlength with multiple back-ends (calc, etex, pgfmath)
 (/usr/share/texmf-dist/tex/latex/xkeyval/xkeyval.sty
Package: xkeyval 2022/06/16 v2.9 package option processing (HA)
 (/usr/share/texmf-dist/tex/generic/xkeyval/xkeyval.tex (/usr/share/texmf-dist/tex/generic/xkeyval/xkvutils.tex
\XKV@toks=\toks31
\XKV@tempa@toks=\toks32
)
\XKV@depth=\count315
File: xkeyval.tex 2014/12/03 v2.7a key=value parser (HA)
)))) (/usr/share/texmf-dist/tex/latex/float/float.sty
Package: float 2001/11/08 v1.3d Float enhancements (AL)
\c@float@type=\count316
\float@exts=\toks33
\float@box=\box59
\@float@everytoks=\toks34
\@floatcapt=\box60
) (/usr/share/texmf-dist/tex/latex/acronym/acronym.sty
Package: acronym 2020/04/17 v1.47 Support for acronyms (Tobias Oetiker)
 (/usr/share/texmf-dist/tex/latex/bigfoot/suffix.sty
Package: suffix 2006/07/15 1.5a Variant command support
) (/usr/share/texmf-dist/tex/generic/xstring/xstring.sty (/usr/share/texmf-dist/tex/generic/xstring/xstring.tex
\integerpart=\count317
\decimalpart=\count318
)
Package: xstring 2023/01/14 v1.85 String manipulations (CT)
)
\AC@clearlist=\toks35
) (./fiiw.sty (/usr/share/texmf-dist/tex/latex/parallel/parallel.sty
Package: parallel 2003/04/13, setting two texts parallel (me)
 `parallel': setting two texts parallel, (beta 4) 2003/04/13.
\ParallelLWidth=\dimen197
\ParallelRWidth=\dimen198
\ParallelTextWidth=\dimen199
\ParallelLeftMargin=\dimen256
\ParallelUserMidSkip=\dimen257
\ParallelMainMidSkip=\dimen258
\ParallelLBox=\box61
\ParallelRBox=\box62
\ParallelBoxVar=\box63
\ParallelLTok=\box64
\ParallelRTok=\box65
\ParallelBoolVar=\count319
\ParallelBoolMid=\count320
\ParallelWhichBox=\count321
\ParallelMainMode=\count322
\ParallelFNMode=\count323
\ParallelLFNCounter=\count324
\ParallelRFNCounter=\count325
\ParallelMaxFN=\count326
\ParallelFNNumMode=\count327
) (/usr/share/texmf-dist/tex/latex/textpos/textpos.sty
Package: textpos 2022/07/23 v1.10.1
Package textpos Info: choosing support for LaTeX3 on input line 60.
\TP@textbox=\box66
\TPHorizModule=\dimen259
\TPVertModule=\dimen260
\TP@margin=\dimen261
\TP@absmargin=\dimen262

Grid set 16 x 16 = 37.34424pt x 52.81541pt
\TPboxrulesize=\dimen263
\TP@tbargs=\toks36
) (/usr/share/texmf-dist/tex/latex/fancyhdr/fancyhdr.sty
Package: fancyhdr 2022/11/09 v4.1 Extensive control of page headers and footers
\f@nch@headwidth=\skip59
\f@nch@O@elh=\skip60
\f@nch@O@erh=\skip61
\f@nch@O@olh=\skip62
\f@nch@O@orh=\skip63
\f@nch@O@elf=\skip64
\f@nch@O@erf=\skip65
\f@nch@O@olf=\skip66
\f@nch@O@orf=\skip67
)

Package fancyhdr Warning: \fancyhead's `E' option without twoside option is useless.
(fancyhdr)                Please consider using the `twoside' option on input line 36.


Package fancyhdr Warning: \fancyhead's `E' option without twoside option is useless.
(fancyhdr)                Please consider using the `twoside' option on input line 37.

)
LaTeX Font Info:    Font shape `OT1/phv/m/n' will be
(Font)              scaled to size 9.85492pt on input line 102.
 (./thesis.aux

LaTeX Warning: Label `tab:outerDistance' multiply defined.

)
\openout1 = `thesis.aux'.

LaTeX Font Info:    Checking defaults for OML/cmm/m/it on input line 102.
LaTeX Font Info:    ... okay on input line 102.
LaTeX Font Info:    Checking defaults for OMS/pzccm/m/n on input line 102.
LaTeX Font Info:    Trying to load font information for OMS+pzccm on input line 102.
 (/usr/share/texmf-dist/tex/latex/psnfss/omspzccm.fd
File: omspzccm.fd 2000/01/03 Fontinst v1.801 font definitions for OMS/pzccm.
)
LaTeX Font Info:    ... okay on input line 102.
LaTeX Font Info:    Checking defaults for OT1/cmr/m/n on input line 102.
LaTeX Font Info:    ... okay on input line 102.
LaTeX Font Info:    Checking defaults for T1/cmr/m/n on input line 102.
LaTeX Font Info:    ... okay on input line 102.
LaTeX Font Info:    Checking defaults for TS1/cmr/m/n on input line 102.
LaTeX Font Info:    ... okay on input line 102.
LaTeX Font Info:    Checking defaults for OMX/cmex/m/n on input line 102.
LaTeX Font Info:    ... okay on input line 102.
LaTeX Font Info:    Checking defaults for U/cmr/m/n on input line 102.
LaTeX Font Info:    ... okay on input line 102.
LaTeX Font Info:    Checking defaults for PD1/pdf/m/n on input line 102.
LaTeX Font Info:    ... okay on input line 102.
LaTeX Font Info:    Checking defaults for PU/pdf/m/n on input line 102.
LaTeX Font Info:    ... okay on input line 102.

*geometry* driver: auto-detecting
*geometry* detected driver: pdftex
*geometry* verbose mode - [ preamble ] result:
* driver: pdftex
* paper: a4paper
* layout: <same size as paper>
* layoutoffset:(h,v)=(0.0pt,0.0pt)
* modes: 
* h-part:(L,W,R)=(99.58464pt, 426.79135pt, 71.13188pt)
* v-part:(T,H,B)=(99.58464pt, 645.87756pt, 99.58464pt)
* \paperwidth=597.50787pt
* \paperheight=845.04684pt
* \textwidth=426.79135pt
* \textheight=645.87756pt
* \oddsidemargin=27.31465pt
* \evensidemargin=27.31465pt
* \topmargin=-9.68535pt
* \headheight=14.0pt
* \headsep=25.0pt
* \topskip=11.0pt
* \footskip=30.0pt
* \marginparwidth=50.0pt
* \marginparsep=10.0pt
* \columnsep=10.0pt
* \skip\footins=10.0pt plus 4.0pt minus 2.0pt
* \hoffset=0.0pt
* \voffset=0.0pt
* \mag=1000
* \@twocolumnfalse
* \@twosidefalse
* \@mparswitchfalse
* \@reversemarginfalse
* (1in=72.27pt=25.4mm, 1cm=28.453pt)

(/usr/share/texmf-dist/tex/context/base/mkii/supp-pdf.mkii
[Loading MPS to PDF converter (version 2006.09.02).]
\scratchcounter=\count328
\scratchdimen=\dimen264
\scratchbox=\box67
\nofMPsegments=\count329
\nofMParguments=\count330
\everyMPshowfont=\toks37
\MPscratchCnt=\count331
\MPscratchDim=\dimen265
\MPnumerator=\count332
\makeMPintoPDFobject=\count333
\everyMPtoPDFconversion=\toks38
) (/usr/share/texmf-dist/tex/latex/epstopdf-pkg/epstopdf-base.sty
Package: epstopdf-base 2020-01-24 v2.11 Base part for package epstopdf
Package epstopdf-base Info: Redefining graphics rule for `.eps' on input line 485.
 (/usr/share/texmf-dist/tex/latex/latexconfig/epstopdf-sys.cfg
File: epstopdf-sys.cfg 2010/07/13 v1.3 Configuration of (r)epstopdf for TeX Live
))
\c@lstlisting=\count334
Package hyperref Info: Link coloring OFF on input line 102.
 (./thesis.out) (./thesis.out)
\@outlinefile=\write3
\openout3 = `thesis.out'.

Package caption Info: Begin \AtBeginDocument code.
Package caption Info: float package is loaded.
Package caption Info: End \AtBeginDocument code.
 (/usr/share/texmf-dist/tex/latex/pdflscape/pdflscape.sty
Package: pdflscape 2022-10-27 v0.13 Display of landscape pages in PDF
 (/usr/share/texmf-dist/tex/latex/pdflscape/pdflscape-nometadata.sty
Package: pdflscape-nometadata 2022-10-28 v0.13 Display of landscape pages in PDF (HO)
 (/usr/share/texmf-dist/tex/latex/graphics/lscape.sty
Package: lscape 2020/05/28 v3.02 Landscape Pages (DPC)
)
Package pdflscape Info: Auto-detected driver: pdftex on input line 81.
))

pdfTeX warning: pdflatex (file ./private/cover_fiiw_gent.pdf): PDF inclusion: found PDF version <1.7>, but at most version <1.5> allowed
<private/cover_fiiw_gent.pdf, id=148, 597.55246pt x 845.07718pt>
File: private/cover_fiiw_gent.pdf Graphic file (type pdf)
<use private/cover_fiiw_gent.pdf>
Package pdftex.def Info: private/cover_fiiw_gent.pdf  used on input line 104.
(pdftex.def)             Requested size: 597.50787pt x 845.07512pt.
LaTeX Font Info:    Font shape `OT1/phv/m/n' will be
(Font)              scaled to size 35.99976pt on input line 104.
LaTeX Font Info:    Font shape `OT1/phv/m/n' will be
(Font)              scaled to size 15.55188pt on input line 104.

Underfull \hbox (badness 10000) in paragraph at lines 104--104

 []

LaTeX Font Info:    Font shape `OT1/phv/b/n' will be
(Font)              scaled to size 15.55188pt on input line 104.
LaTeX Font Info:    Font shape `OT1/phv/m/n' will be
(Font)              scaled to size 10.79993pt on input line 104.
[1

{/var/lib/texmf/fonts/map/pdftex/updmap/pdftex.map}{/usr/share/texmf-dist/fonts/enc/dvips/base/8r.enc} <./private/cover_fiiw_gent.pdf>]
LaTeX Font Info:    Trying to load font information for TS1+phv on input line 104.
 (/usr/share/texmf-dist/tex/latex/psnfss/ts1phv.fd
File: ts1phv.fd 2020/03/25 scalable font definitions for TS1/phv.
)
Underfull \hbox (badness 10000) in paragraph at lines 104--104

 []


Underfull \hbox (badness 10000) in paragraph at lines 104--104

 []


Underfull \hbox (badness 10000) in paragraph at lines 104--104

 []

[2

]
LaTeX Font Info:    Font shape `OT1/phv/m/n' will be
(Font)              scaled to size 22.39185pt on input line 104.
LaTeX Font Info:    Font shape `OT1/phv/b/n' will be
(Font)              scaled to size 22.39185pt on input line 104.
 (./voorwoord.tex)
LaTeX Font Info:    Font shape `OT1/phv/m/n' will be
(Font)              scaled to size 7.19995pt on input line 104.
LaTeX Font Info:    Font shape `OT1/phv/b/n' will be
(Font)              scaled to size 7.19995pt on input line 104.
 [3


] (./samenvatting.tex
LaTeX Font Info:    Font shape `OT1/phv/m/it' in size <10.95> not available
(Font)              Font shape `OT1/phv/m/sl' tried instead on input line 24.
LaTeX Font Info:    Font shape `OT1/phv/m/sl' will be
(Font)              scaled to size 9.85492pt on input line 24.
 [4

]
LaTeX Font Info:    Font shape `OT1/phv/b/n' will be
(Font)              scaled to size 9.85492pt on input line 73.
) [5] (./abstract.tex [6

]
Package acronym Info: Label `acro:EPZ' newly defined as it shall be overridden
although it is yet undefined on input line 57.
) [7] (./thesis.toc
LaTeX Font Info:    Trying to load font information for OT1+ptmcm on input line 11.
 (/usr/share/texmf-dist/tex/latex/psnfss/ot1ptmcm.fd
File: ot1ptmcm.fd 2000/01/03 Fontinst v1.801 font definitions for OT1/ptmcm.
)
LaTeX Font Info:    Trying to load font information for OML+ptmcm on input line 11.
 (/usr/share/texmf-dist/tex/latex/psnfss/omlptmcm.fd
File: omlptmcm.fd 2000/01/03 Fontinst v1.801 font definitions for OML/ptmcm.
)
LaTeX Font Info:    Trying to load font information for OMX+psycm on input line 11.
 (/usr/share/texmf-dist/tex/latex/psnfss/omxpsycm.fd
File: omxpsycm.fd 2000/01/03 Fontinst v1.801 font definitions for OMX/psycm.
)
LaTeX Font Info:    Font shape `OT1/ptm/bx/n' in size <10.95> not available
(Font)              Font shape `OT1/ptm/b/n' tried instead on input line 11.
LaTeX Font Info:    Font shape `OT1/ptm/bx/n' in size <8> not available
(Font)              Font shape `OT1/ptm/b/n' tried instead on input line 11.
LaTeX Font Info:    Font shape `OT1/ptm/bx/n' in size <6> not available
(Font)              Font shape `OT1/ptm/b/n' tried instead on input line 11.
 [8

] [9])
\tf@toc=\write4
\openout4 = `thesis.toc'.

 [10] (./thesis.lof)
\tf@lof=\write5
\openout5 = `thesis.lof'.

 [11

] [12] (./thesis.lot)
\tf@lot=\write6
\openout6 = `thesis.lot'.

 (./afkortingen.tex [13

]

LaTeX Warning: Hyper reference `acro:API' on page xiv undefined on input line 15.


LaTeX Warning: Hyper reference `acro:API' on page xiv undefined on input line 15.

) [14

] (./hfdst1.tex
Hoofdstuk 1.
LaTeX Font Info:    Font shape `OT1/phv/m/n' will be
(Font)              scaled to size 18.66588pt on input line 7.
LaTeX Font Info:    Font shape `OT1/phv/b/n' will be
(Font)              scaled to size 18.66588pt on input line 7.
LaTeX Font Info:    Font shape `OT1/phv/m/n' will be
(Font)              scaled to size 12.9599pt on input line 9.
LaTeX Font Info:    Font shape `OT1/phv/b/n' will be
(Font)              scaled to size 12.9599pt on input line 9.
Package acronym Info: Label `acro:gps' newly defined as it shall be overridden
although it is yet undefined on input line 20.
<fig/VoorbeeldActiviteiten/VoorbeeldActiviteit_Cropped.png, id=337, 895.84688pt x 817.55438pt>
File: fig/VoorbeeldActiviteiten/VoorbeeldActiviteit_Cropped.png Graphic file (type png)
<use fig/VoorbeeldActiviteiten/VoorbeeldActiviteit_Cropped.png>
Package pdftex.def Info: fig/VoorbeeldActiviteiten/VoorbeeldActiviteit_Cropped.png  used on input line 44.
(pdftex.def)             Requested size: 213.39568pt x 194.74503pt.
LaTeX Font Info:    Font shape `OT1/phv/m/n' will be
(Font)              scaled to size 8.99994pt on input line 45.
LaTeX Font Info:    Font shape `OT1/phv/b/n' will be
(Font)              scaled to size 8.99994pt on input line 45.
[1


] [2 <./fig/VoorbeeldActiviteiten/VoorbeeldActiviteit_Cropped.png (PNG copy)>]) (./hfdst2.tex [3]
Hoofdstuk 2.
LaTeX Font Info:    Font shape `OT1/phv/m/n' will be
(Font)              scaled to size 8.09995pt on input line 19.
LaTeX Font Info:    Font shape `OT1/ptm/bx/n' in size <9> not available
(Font)              Font shape `OT1/ptm/b/n' tried instead on input line 19.
LaTeX Font Info:    Font shape `OT1/ptm/bx/n' in size <7> not available
(Font)              Font shape `OT1/ptm/b/n' tried instead on input line 19.
LaTeX Font Info:    Font shape `OT1/ptm/bx/n' in size <5> not available
(Font)              Font shape `OT1/ptm/b/n' tried instead on input line 19.
LaTeX Font Info:    Font shape `OT1/phv/m/n' will be
(Font)              scaled to size 6.29996pt on input line 19.
LaTeX Font Info:    Font shape `OT1/phv/b/n' will be
(Font)              scaled to size 10.79993pt on input line 29.
[4

]
LaTeX Font Info:    Font shape `OT1/phv/b/n' will be
(Font)              scaled to size 8.09995pt on input line 74.
<fig/SpeedVSPace/Pace.png, id=376, 1068.99374pt x 947.54pt>
File: fig/SpeedVSPace/Pace.png Graphic file (type png)
<use fig/SpeedVSPace/Pace.png>
Package pdftex.def Info: fig/SpeedVSPace/Pace.png  used on input line 75.
(pdftex.def)             Requested size: 213.39568pt x 189.14317pt.
<fig/SpeedVSPace/Speed.png, id=378, 1095.09125pt x 948.54375pt>
File: fig/SpeedVSPace/Speed.png Graphic file (type png)
<use fig/SpeedVSPace/Speed.png>
Package pdftex.def Info: fig/SpeedVSPace/Speed.png  used on input line 80.
(pdftex.def)             Requested size: 213.39568pt x 184.82779pt.


LaTeX Warning: `h' float specifier changed to `ht'.

[5]
<fig/VoorbeeldActiviteiten/VoorbeeldActiviteit_Personal.png, id=391, 717.43031pt x 970.3753pt>
File: fig/VoorbeeldActiviteiten/VoorbeeldActiviteit_Personal.png Graphic file (type png)
<use fig/VoorbeeldActiviteiten/VoorbeeldActiviteit_Personal.png>
Package pdftex.def Info: fig/VoorbeeldActiviteiten/VoorbeeldActiviteit_Personal.png  used on input line 125.
(pdftex.def)             Requested size: 341.43437pt x 461.82147pt.
 [6 <./fig/SpeedVSPace/Pace.png> <./fig/SpeedVSPace/Speed.png>] [7 <./fig/VoorbeeldActiviteiten/VoorbeeldActiviteit_Personal.png (PNG copy)>]
<fig/Map Snapping/before.png, id=416, 140.02313pt x 199.74625pt>
File: fig/Map Snapping/before.png Graphic file (type png)
<use fig/Map Snapping/before.png>
Package pdftex.def Info: fig/Map Snapping/before.png  used on input line 180.
(pdftex.def)             Requested size: 106.69783pt x 152.21408pt.
<fig/Map Snapping/after.png, id=417, 139.01938pt x 199.74625pt>
File: fig/Map Snapping/after.png Graphic file (type png)
<use fig/Map Snapping/after.png>
Package pdftex.def Info: fig/Map Snapping/after.png  used on input line 185.
(pdftex.def)             Requested size: 106.69783pt x 153.30827pt.
LaTeX Font Info:    Font shape `OT1/phv/m/it' in size <10> not available
(Font)              Font shape `OT1/phv/m/sl' tried instead on input line 187.
LaTeX Font Info:    Font shape `OT1/phv/m/sl' will be
(Font)              scaled to size 8.99994pt on input line 187.


LaTeX Warning: `h' float specifier changed to `ht'.

<fig/SmoothingExample.png, id=423, 499.8675pt x 270.00874pt>
File: fig/SmoothingExample.png Graphic file (type png)
<use fig/SmoothingExample.png>
Package pdftex.def Info: fig/SmoothingExample.png  used on input line 217.
(pdftex.def)             Requested size: 256.07741pt x 138.32887pt.
[8] [9 <./fig/Map Snapping/before.png> <./fig/Map Snapping/after.png> <./fig/SmoothingExample.png>]
<fig/EPZ-mechanisme/Example_EPZ_InternalView.png, id=452, 1151.30125pt x 910.40125pt>
File: fig/EPZ-mechanisme/Example_EPZ_InternalView.png Graphic file (type png)
<use fig/EPZ-mechanisme/Example_EPZ_InternalView.png>
Package pdftex.def Info: fig/EPZ-mechanisme/Example_EPZ_InternalView.png  used on input line 267.
(pdftex.def)             Requested size: 209.1301pt x 165.36543pt.
<fig/EPZ-mechanisme/Example_EPZ_ExternalView.png, id=453, 689.57625pt x 569.12625pt>
File: fig/EPZ-mechanisme/Example_EPZ_ExternalView.png Graphic file (type png)
<use fig/EPZ-mechanisme/Example_EPZ_ExternalView.png>
Package pdftex.def Info: fig/EPZ-mechanisme/Example_EPZ_ExternalView.png  used on input line 272.
(pdftex.def)             Requested size: 209.1301pt x 172.5976pt.


LaTeX Warning: `h' float specifier changed to `ht'.

<fig/EPZ-mechanisme/Translation_Center.png, id=460, 347.79938pt x 272.51813pt>
File: fig/EPZ-mechanisme/Translation_Center.png Graphic file (type png)
<use fig/EPZ-mechanisme/Translation_Center.png>
Package pdftex.def Info: fig/EPZ-mechanisme/Translation_Center.png  used on input line 287.
(pdftex.def)             Requested size: 170.71393pt x 133.7596pt.

LaTeX Warning: `h' float specifier changed to `ht'.

<fig/EPZ-mechanisme/DropEPZPoints.png, id=465, 1668.2325pt x 790.955pt>
File: fig/EPZ-mechanisme/DropEPZPoints.png Graphic file (type png)
<use fig/EPZ-mechanisme/DropEPZPoints.png>
Package pdftex.def Info: fig/EPZ-mechanisme/DropEPZPoints.png  used on input line 299.
(pdftex.def)             Requested size: 298.75264pt x 141.64162pt.
[10]

LaTeX Warning: `h' float specifier changed to `ht'.

<fig/EPZ-mechanisme/Hassan.png, id=478, 1322.9425pt x 811.03pt>
File: fig/EPZ-mechanisme/Hassan.png Graphic file (type png)
<use fig/EPZ-mechanisme/Hassan.png>
Package pdftex.def Info: fig/EPZ-mechanisme/Hassan.png  used on input line 321.
(pdftex.def)             Requested size: 256.07741pt x 156.98074pt.
[11 <./fig/EPZ-mechanisme/Example_EPZ_InternalView.png> <./fig/EPZ-mechanisme/Example_EPZ_ExternalView.png> <./fig/EPZ-mechanisme/Translation_Center.png (PNG copy)>] [12 <./fig/EPZ-mechanisme/DropEPZPoints.png> <./fig/EPZ-mechanisme/Hassan.png>]) (./hfdst3.tex [13]
Hoofdstuk 3.
[14

]
<fig/TotalDistanceAttacks/start.png, id=538, 1803.73875pt x 1225.57875pt>
File: fig/TotalDistanceAttacks/start.png Graphic file (type png)
<use fig/TotalDistanceAttacks/start.png>
Package pdftex.def Info: fig/TotalDistanceAttacks/start.png  used on input line 91.
(pdftex.def)             Requested size: 213.39568pt x 144.9873pt.
<fig/TotalDistanceAttacks/end.png, id=541, 1906.12125pt x 1294.8375pt>
File: fig/TotalDistanceAttacks/end.png Graphic file (type png)
<use fig/TotalDistanceAttacks/end.png>
Package pdftex.def Info: fig/TotalDistanceAttacks/end.png  used on input line 96.
(pdftex.def)             Requested size: 213.39568pt x 144.94177pt.
<fig/TotalDistanceAttacks/InnerDistanceAttack.png, id=542, 2163.08125pt x 1466.47874pt>
File: fig/TotalDistanceAttacks/InnerDistanceAttack.png Graphic file (type png)
<use fig/TotalDistanceAttacks/InnerDistanceAttack.png>
Package pdftex.def Info: fig/TotalDistanceAttacks/InnerDistanceAttack.png  used on input line 102.
(pdftex.def)             Requested size: 213.39568pt x 144.66493pt.


LaTeX Warning: `h' float specifier changed to `ht'.


LaTeX Warning: `h' float specifier changed to `ht'.

[15] [16 <./fig/TotalDistanceAttacks/start.png> <./fig/TotalDistanceAttacks/end.png> <./fig/TotalDistanceAttacks/InnerDistanceAttack.png>]
<fig/kmeans/1.png, id=563, 483.8075pt x 342.27875pt>
File: fig/kmeans/1.png Graphic file (type png)
<use fig/kmeans/1.png>
Package pdftex.def Info: fig/kmeans/1.png  used on input line 149.
(pdftex.def)             Requested size: 140.84192pt x 99.63954pt.
<fig/kmeans/2.png, id=564, 483.8075pt x 342.27875pt>
File: fig/kmeans/2.png Graphic file (type png)
<use fig/kmeans/2.png>
Package pdftex.def Info: fig/kmeans/2.png  used on input line 153.
(pdftex.def)             Requested size: 140.84192pt x 99.63954pt.
<fig/kmeans/3.png, id=565, 483.8075pt x 342.27875pt>
File: fig/kmeans/3.png Graphic file (type png)
<use fig/kmeans/3.png>
Package pdftex.def Info: fig/kmeans/3.png  used on input line 157.
(pdftex.def)             Requested size: 140.84192pt x 99.63954pt.
Package acronym Info: Label `acro:E.G.' newly defined as it shall be overridden
although it is yet undefined on input line 171.
<fig/EPZ-mechanisme/Entry_Gate.png, id=574, 574.145pt x 538.01pt>
File: fig/EPZ-mechanisme/Entry_Gate.png Graphic file (type png)
<use fig/EPZ-mechanisme/Entry_Gate.png>
Package pdftex.def Info: fig/EPZ-mechanisme/Entry_Gate.png  used on input line 176.
(pdftex.def)             Requested size: 213.39568pt x 199.96361pt.
 [17 <./fig/kmeans/1.png> <./fig/kmeans/2.png> <./fig/kmeans/3.png>]
<fig/RoadGraph/RoadMap.png, id=597, 618.81187pt x 410.2828pt>
File: fig/RoadGraph/RoadMap.png Graphic file (type png)
<use fig/RoadGraph/RoadMap.png>
Package pdftex.def Info: fig/RoadGraph/RoadMap.png  used on input line 229.
(pdftex.def)             Requested size: 170.71393pt x 113.18808pt.
<fig/RoadGraph/Graph_Over_Map.png, id=598, 1830.84pt x 1214.5375pt>
File: fig/RoadGraph/Graph_Over_Map.png Graphic file (type png)
<use fig/RoadGraph/Graph_Over_Map.png>
Package pdftex.def Info: fig/RoadGraph/Graph_Over_Map.png  used on input line 234.
(pdftex.def)             Requested size: 170.71393pt x 113.23251pt.
<fig/RoadGraph/Graph.png, id=599, 1887.05pt x 1285.80376pt>
File: fig/RoadGraph/Graph.png Graphic file (type png)
<use fig/RoadGraph/Graph.png>
Package pdftex.def Info: fig/RoadGraph/Graph.png  used on input line 239.
(pdftex.def)             Requested size: 170.71393pt x 116.30594pt.
 [18 <./fig/EPZ-mechanisme/Entry_Gate.png>] [19 <./fig/RoadGraph/RoadMap.png (PNG copy)> <./fig/RoadGraph/Graph_Over_Map.png> <./fig/RoadGraph/Graph.png>] [20]
<fig/haversine.png, id=641, 602.25pt x 602.25pt>
File: fig/haversine.png Graphic file (type png)
<use fig/haversine.png>
Package pdftex.def Info: fig/haversine.png  used on input line 333.
(pdftex.def)             Requested size: 213.39568pt x 213.4005pt.


LaTeX Warning: `h' float specifier changed to `ht'.

[21] [22 <./fig/haversine.png>]
Package acronym Info: Label `acro:LAD' newly defined as it shall be overridden
although it is yet undefined on input line 420.
Package acronym Info: Label `acro:OLS' newly defined as it shall be overridden
although it is yet undefined on input line 431.
 [23]) (./hfdst4.tex [24]
Hoofdstuk 4.
) (./hfdst5.tex [25

]
Hoofdstuk 5.
) (./hfdst6.tex [26

] [27]
Hoofdstuk 6.
) (./thesis.bbl [28

]
Underfull \hbox (badness 10000) in paragraph at lines 26--30
\OT1/pcr/m/n/10.95 vs -[] snelheid -[] km -[] h -[] bij -[] hardlopen / # : [] : text = Waarom % 20gebruiken % 20hardlopers %
 []


Underfull \hbox (badness 1189) in paragraph at lines 49--53
\OT1/phv/m/n/10.95 ba-ses | gps | the gu-ar-dian.  []$\OT1/pcr/m/n/10.95 https : / / www\OML/ptmcm/m/it/10.95 :\OT1/pcr/m/n/10.95 theguardian\OML/ptmcm/m/it/10.95 :\OT1/pcr/m/n/10.95 com / world / 2018 / jan / 28 /
 []

[29

]
Underfull \hbox (badness 6364) in paragraph at lines 90--94
[]\OT1/phv/m/n/10.95 of Dal-las, F. R. B. (n.d.).  Smoothing data with mo-ving aver-ages - dal-las-
 []


Underfull \hbox (badness 5147) in paragraph at lines 123--127
[]\OT1/phv/m/n/10.95 Strava, I. (2022).  Mo-ving time, speed, and pace cal-cu-la-ti-ons { strava sup-
 []


Underfull \hbox (badness 10000) in paragraph at lines 129--133
\OT1/pcr/m/n/10.95 hc / en -[] us / articles / 216919377 -[] Activity -[] Privacy -[] Controls$[]\OT1/phv/m/n/10.95 .  (Ac-ces-sed on
 []

[30]
Underfull \hbox (badness 4492) in paragraph at lines 141--145
[]\OT1/phv/m/n/10.95 Strava, I. (2023c).  How dis-tance is cal-cu-la-ted { strava sup-port.  []$\OT1/pcr/m/n/10.95 https : / /
 []


Underfull \hbox (badness 10000) in paragraph at lines 141--145
\OT1/pcr/m/n/10.95 support\OML/ptmcm/m/it/10.95 :\OT1/pcr/m/n/10.95 strava\OML/ptmcm/m/it/10.95 :\OT1/pcr/m/n/10.95 com / hc / en -[] us / articles / 216919487 -[] How -[] Distance -[] is -[] Calculated$[]\OT1/phv/m/n/10.95 .
 []

) (./bijlage1.tex [31]
B\ij lage A.

Underfull \hbox (badness 10000) in paragraph at lines 6--10

 []

)

pdfTeX warning: pdflatex (file ./private/back_fiiw_gent.pdf): PDF inclusion: found PDF version <1.7>, but at most version <1.5> allowed
<private/back_fiiw_gent.pdf, id=761, 597.55246pt x 845.07718pt>
File: private/back_fiiw_gent.pdf Graphic file (type pdf)
<use private/back_fiiw_gent.pdf>
Package pdftex.def Info: private/back_fiiw_gent.pdf  used on input line 124.
(pdftex.def)             Requested size: 597.551pt x 845.07512pt.


pdfTeX warning: pdflatex (file ./private/back_fiiw_gent.pdf): PDF inclusion: found PDF version <1.7>, but at most version <1.5> allowed
File: private/back_fiiw_gent.pdf Graphic file (type pdf)
<use private/back_fiiw_gent.pdf>
Package pdftex.def Info: private/back_fiiw_gent.pdf  used on input line 124.
(pdftex.def)             Requested size: 597.551pt x 845.07512pt.


pdfTeX warning: pdflatex (file ./private/back_fiiw_gent.pdf): PDF inclusion: found PDF version <1.7>, but at most version <1.5> allowed


pdfTeX warning: pdflatex (file ./private/back_fiiw_gent.pdf): PDF inclusion: found PDF version <1.7>, but at most version <1.5> allowed
<private/back_fiiw_gent.pdf, id=764, page=1, 597.55246pt x 845.07718pt>
File: private/back_fiiw_gent.pdf Graphic file (type pdf)
<use private/back_fiiw_gent.pdf, page 1>
Package pdftex.def Info: private/back_fiiw_gent.pdf , page1 used on input line 124.
(pdftex.def)             Requested size: 597.551pt x 845.07512pt.
File: private/back_fiiw_gent.pdf Graphic file (type pdf)
<use private/back_fiiw_gent.pdf, page 1>
Package pdftex.def Info: private/back_fiiw_gent.pdf , page1 used on input line 124.
(pdftex.def)             Requested size: 597.57834pt x 845.1138pt.
[32

]
File: private/back_fiiw_gent.pdf Graphic file (type pdf)
<use private/back_fiiw_gent.pdf, page 1>
Package pdftex.def Info: private/back_fiiw_gent.pdf , page1 used on input line 124.
(pdftex.def)             Requested size: 597.57834pt x 845.1138pt.
File: private/back_fiiw_gent.pdf Graphic file (type pdf)
<use private/back_fiiw_gent.pdf, page 1>
Package pdftex.def Info: private/back_fiiw_gent.pdf , page1 used on input line 124.
(pdftex.def)             Requested size: 597.57834pt x 845.1138pt.
File: private/back_fiiw_gent.pdf Graphic file (type pdf)
<use private/back_fiiw_gent.pdf, page 1>
Package pdftex.def Info: private/back_fiiw_gent.pdf , page1 used on input line 124.
(pdftex.def)             Requested size: 597.57834pt x 845.1138pt.
 [33 <./private/back_fiiw_gent.pdf>] (./thesis.aux)

LaTeX Warning: There were undefined references.


LaTeX Warning: There were multiply-defined labels.

Package rerunfilecheck Info: File `thesis.out' has not changed.
(rerunfilecheck)             Checksum: F3BA35FBA5B71B5007A7B19CE4AC0AFD;5322.
 ) 
Here is how much of TeX's memory you used:
 18023 strings out of 476025
 295223 string characters out of 5796533
 1884388 words of memory out of 5000000
 37920 multiletter control sequences out of 15000+600000
 580157 words of font info for 141 fonts, out of 8000000 for 9000
 1141 hyphenation exceptions out of 8191
 75i,17n,77p,652b,675s stack positions out of 5000i,500n,10000p,200000b,80000s
</usr/share/texmf-dist/fonts/type1/public/amsfonts/cm/cmex10.pfb></usr/share/texmf-dist/fonts/type1/public/amsfonts/cm/cmmi10.pfb></usr/share/texmf-dist/fonts/type1/public/amsfonts/cm/cmr10.pfb></usr/share/texmf-dist/fonts/type1/public/amsfonts/cm/cmsy10.pfb></usr/share/texmf-dist/fonts/type1/urw/courier/ucrr8a.pfb></usr/share/texmf-dist/fonts/type1/urw/helvetic/uhvb8a.pfb></usr/share/texmf-dist/fonts/type1/urw/helvetic/uhvr8a.pfb></usr/share/texmf-dist/fonts/type1/urw/helvetic/uhvro8a.pfb></usr/share/texmf-dist/fonts/type1/urw/symbol/usyr.pfb></usr/share/texmf-dist/fonts/type1/urw/times/utmr8a.pfb></usr/share/texmf-dist/fonts/type1/urw/times/utmri8a.pfb>
Output written on thesis.pdf (47 pages, 9176044 bytes).
PDF statistics:
 867 PDF objects out of 1000 (max. 8388607)
 729 compressed objects within 8 object streams
 154 named destinations out of 1000 (max. 500000)
 429 words of extra memory for PDF output out of 10000 (max. 10000000)

