\BOOKMARK [0][-]{chapter*.1}{\376\377\000V\000o\000o\000r\000w\000o\000o\000r\000d}{}% 1
\BOOKMARK [1][-]{section.0.1}{\376\377\000S\000i\000t\000u\000e\000r\000i\000n\000g}{chapter*.1}% 2
\BOOKMARK [1][-]{section.0.2}{\376\377\000D\000o\000e\000l\000e\000n}{chapter*.1}% 3
\BOOKMARK [0][-]{section.0.2}{\376\377\000S\000a\000m\000e\000n\000v\000a\000t\000t\000i\000n\000g}{}% 4
\BOOKMARK [0][-]{chapter*.3}{\376\377\000A\000b\000s\000t\000r\000a\000c\000t}{}% 5
\BOOKMARK [0][-]{chapter*.4}{\376\377\000I\000n\000h\000o\000u\000d}{}% 6
\BOOKMARK [0][-]{chapter*.5}{\376\377\000F\000i\000g\000u\000r\000e\000n\000l\000i\000j\000s\000t}{}% 7
\BOOKMARK [0][-]{chapter*.6}{\376\377\000T\000a\000b\000e\000l\000l\000e\000n\000l\000i\000j\000s\000t}{}% 8
\BOOKMARK [0][-]{chapter*.7}{\376\377\000L\000i\000j\000s\000t\000\040\000m\000e\000t\000\040\000a\000f\000k\000o\000r\000t\000i\000n\000g\000e\000n}{}% 9
\BOOKMARK [0][-]{chapter.1}{\376\377\000I\000n\000l\000e\000i\000d\000i\000n\000g}{}% 10
\BOOKMARK [1][-]{section.1.1}{\376\377\000S\000i\000t\000u\000e\000r\000i\000n\000g}{chapter.1}% 11
\BOOKMARK [1][-]{section.1.2}{\376\377\000D\000o\000e\000l\000s\000t\000e\000l\000l\000i\000n\000g}{chapter.1}% 12
\BOOKMARK [0][-]{chapter.2}{\376\377\000A\000c\000h\000t\000e\000r\000g\000r\000o\000n\000d}{}% 13
\BOOKMARK [1][-]{section.2.1}{}{chapter.2}% 14
\BOOKMARK [0][-]{chapter.3}{\376\377\000F\000i\000g\000u\000r\000e\000n\000\040\000e\000n\000\040\000t\000a\000b\000e\000l\000l\000e\000n}{}% 15
\BOOKMARK [1][-]{section.3.1}{\376\377\000A\000l\000g\000e\000m\000e\000n\000e\000\040\000r\000i\000c\000h\000t\000l\000i\000j\000n\000e\000n}{chapter.3}% 16
\BOOKMARK [0][-]{chapter.4}{\376\377\000R\000i\000c\000h\000t\000l\000i\000j\000n\000e\000n\000\040\000v\000o\000o\000r\000\040\000f\000o\000r\000m\000u\000l\000e\000s}{}% 17
\BOOKMARK [0][-]{chapter.5}{\376\377\000R\000i\000c\000h\000t\000l\000i\000j\000n\000e\000n\000\040\000v\000o\000o\000r\000\040\000r\000e\000f\000e\000r\000e\000n\000t\000i\000e\000s}{}% 18
\BOOKMARK [1][-]{section.5.1}{\376\377\000I\000n\000l\000e\000i\000d\000i\000n\000g}{chapter.5}% 19
\BOOKMARK [1][-]{section.5.2}{\376\377\000R\000e\000f\000e\000r\000e\000n\000t\000i\000e\000s\000t\000i\000j\000l}{chapter.5}% 20
\BOOKMARK [0][-]{appendix.A}{\376\377\000U\000i\000t\000l\000e\000g\000\040\000o\000v\000e\000r\000\040\000d\000e\000\040\000a\000p\000p\000e\000n\000d\000i\000c\000e\000s}{}% 21
